c:\users\shan0x\source\repos\shan0xengine\uiwindow\debug\vc141.pdb
c:\users\shan0x\source\repos\shan0xengine\uiwindow\debug\vc141.idb
c:\users\shan0x\source\repos\shan0xengine\uiwindow\debug\uiwindowchild.obj
c:\users\shan0x\source\repos\shan0xengine\uiwindow\debug\uiwindow.obj
c:\users\shan0x\source\repos\shan0xengine\uiwindow\debug\source.obj
c:\users\shan0x\source\repos\shan0xengine\uiwindow\debug\graphicscore.obj
c:\users\shan0x\source\repos\shan0xengine\uiwindow\debug\shan0xengineui.pdb
c:\users\shan0x\source\repos\shan0xengine\uiwindow\debug\shan0xengineui.tlog\cl.command.1.tlog
c:\users\shan0x\source\repos\shan0xengine\uiwindow\debug\shan0xengineui.tlog\cl.read.1.tlog
c:\users\shan0x\source\repos\shan0xengine\uiwindow\debug\shan0xengineui.tlog\cl.write.1.tlog
c:\users\shan0x\source\repos\shan0xengine\uiwindow\debug\shan0xengineui.tlog\link-cvtres.read.1.tlog
c:\users\shan0x\source\repos\shan0xengine\uiwindow\debug\shan0xengineui.tlog\link-cvtres.write.1.tlog
c:\users\shan0x\source\repos\shan0xengine\uiwindow\debug\shan0xengineui.tlog\link-rc.read.1.tlog
c:\users\shan0x\source\repos\shan0xengine\uiwindow\debug\shan0xengineui.tlog\link-rc.write.1.tlog
c:\users\shan0x\source\repos\shan0xengine\uiwindow\debug\shan0xengineui.tlog\link.2416-cvtres.read.1.tlog
c:\users\shan0x\source\repos\shan0xengine\uiwindow\debug\shan0xengineui.tlog\link.2416-cvtres.write.1.tlog
c:\users\shan0x\source\repos\shan0xengine\uiwindow\debug\shan0xengineui.tlog\link.2416-rc.read.1.tlog
c:\users\shan0x\source\repos\shan0xengine\uiwindow\debug\shan0xengineui.tlog\link.2416-rc.write.1.tlog
c:\users\shan0x\source\repos\shan0xengine\uiwindow\debug\shan0xengineui.tlog\link.2416.read.1.tlog
c:\users\shan0x\source\repos\shan0xengine\uiwindow\debug\shan0xengineui.tlog\link.2416.write.1.tlog
c:\users\shan0x\source\repos\shan0xengine\uiwindow\debug\shan0xengineui.tlog\link.command.1.tlog
c:\users\shan0x\source\repos\shan0xengine\uiwindow\debug\shan0xengineui.tlog\link.read.1.tlog
c:\users\shan0x\source\repos\shan0xengine\uiwindow\debug\shan0xengineui.tlog\link.write.1.tlog
